Defaulting to user installation because normal site-packages is not writeable
Requirement already satisfied: matplotlib in /home/mnk2978/.local/lib/python3.9/site-packages (3.5.1)
Requirement already satisfied: python-dateutil>=2.7 in /home/mnk2978/.local/lib/python3.9/site-packages (from matplotlib) (2.8.2)
Requirement already satisfied: pyparsing>=2.2.1 in /home/mnk2978/.local/lib/python3.9/site-packages (from matplotlib) (3.0.7)
Requirement already satisfied: cycler>=0.10 in /home/mnk2978/.local/lib/python3.9/site-packages (from matplotlib) (0.11.0)
Requirement already satisfied: fonttools>=4.22.0 in /home/mnk2978/.local/lib/python3.9/site-packages (from matplotlib) (4.31.2)
Requirement already satisfied: pillow>=6.2.0 in /ext3/miniconda3/lib/python3.9/site-packages (from matplotlib) (9.0.1)
Requirement already satisfied: numpy>=1.17 in /ext3/miniconda3/lib/python3.9/site-packages (from matplotlib) (1.22.2)
Requirement already satisfied: kiwisolver>=1.0.1 in /home/mnk2978/.local/lib/python3.9/site-packages (from matplotlib) (1.4.0)
Requirement already satisfied: packaging>=20.0 in /home/mnk2978/.local/lib/python3.9/site-packages (from matplotlib) (21.3)
Requirement already satisfied: six>=1.5 in /ext3/miniconda3/lib/python3.9/site-packages (from python-dateutil>=2.7->matplotlib) (1.16.0)
Current Numpy Version- 1.22.2
Current Matplotlib Version- 3.5.1
Current Python Version- 3.9.7
Current Torch Version- 1.10.2+cu113
Current Torchvision Version- 0.11.3+cu113
Namespace(dataset='cifar10', model='resnet18', batch_size=128, epochs=10, learning_rate=0.1, data_augmentation=True, cutout=True, n_holes=1, length=16, no_cuda=False, seed=0, cuda=True)
Using basic data augmentation
Using data augmentation CUTOUT
Files already downloaded and verified
Files already downloaded and verified
Loading the model
Getting the model on GPU
Number of Parameters:  701466
Making csv file for logs
[INFO] visualizing training batch...
Starting Training
test_acc: 0.498
test_acc: 0.563
test_acc: 0.651
test_acc: 0.642
test_acc: 0.689
test_acc: 0.734
test_acc: 0.715
test_acc: 0.677
test_acc: 0.713
test_acc: 0.766
